<?xml version="1.0" encoding="UTF-8"?>
<!-- Generated by org.testng.reporters.JUnitReportReporter -->
<testsuite hostname="LAPTOP-9G9NNS6C" failures="0" tests="1" name="com.liveguru.users.Level_01_Search_Data_Rest_Parameter" time="12.441" errors="0" timestamp="11 Oct 2020 14:37:18 GMT" skipped="0">
  <testcase classname="com.liveguru.users.Level_01_Search_Data_Rest_Parameter" name="TC_02" time="12.441"/>
</testsuite> <!-- com.liveguru.users.Level_01_Search_Data_Rest_Parameter -->
