<?xml version="1.0" encoding="UTF-8"?>
<!-- Generated by org.testng.reporters.JUnitReportReporter -->
<testsuite skipped="0" hostname="DESKTOP-ACFHNHV" name="com.liveguru.users.Level_09_Upload_Multiple" tests="2" failures="0" timestamp="13 Oct 2020 10:10:40 GMT" time="7.752" errors="0">
  <testcase name="TC_01_Upload_Multiple_file_Per_Time" time="0.044" classname="com.liveguru.users.Level_09_Upload_Multiple"/>
  <testcase name="TC_01_Upload_One_File_Per_Time" time="7.708" classname="com.liveguru.users.Level_09_Upload_Multiple"/>
</testsuite> <!-- com.liveguru.users.Level_09_Upload_Multiple -->
